<?xml version="1.0" encoding="UTF-8"?>
<!-- Generated by org.testng.reporters.JUnitXMLReporter -->
<testsuite ignored="0" hostname="DESKTOP-TFUFUVK" failures="0" tests="3" name="Surefire test" time="12.473" errors="0" timestamp="2024-01-11T19:28:55 IST">
  <testcase classname="SatishRaja.Project_ContinousIntegration.AddedGitHubTest" name="TestSample2" time="0.004"/>
  <testcase classname="SatishRaja.Project_ContinousIntegration.DemoContinousIntegrationTest" name="Demo1" time="12.432"/>
  <testcase classname="SatishRaja.Project_ContinousIntegration.NewTest" name="TestSample" time="0.001"/>
</testsuite> <!-- Surefire test -->
