<?xml version="1.0" encoding="UTF-8"?>
<!-- Generated by org.testng.reporters.JUnitXMLReporter -->
<testsuite ignored="0" hostname="DESKTOP-TFUFUVK" failures="0" tests="2" name="Test" time="12.491" errors="0" timestamp="2024-01-13T13:05:11 IST">
  <testcase classname="SatishRaja.Project_ContinousIntegration.DemoContinousIntegrationTest" name="Demo1" time="12.463"/>
  <testcase classname="SatishRaja.Project_ContinousIntegration.NewTest" name="TestSample" time="0.001"/>
</testsuite> <!-- Test -->
