<?xml version="1.0" encoding="UTF-8"?>
<testsuite xmlns:xsi="http://www.w3.org/2001/XMLSchema-instance" xsi:noNamespaceSchemaLocation="https://maven.apache.org/surefire/maven-surefire-plugin/xsd/surefire-test-report.xsd" name="TestSuite" time="12.848" tests="2" errors="0" skipped="0" failures="0">
  <properties>
[...]
</properties>
  <testcase name="Demo1" classname="SatishRaja.Project_ContinousIntegration.DemoContinousIntegrationTest" time="12.464"/>
  <testcase name="TestSample" classname="SatishRaja.Project_ContinousIntegration.NewTest" time="0.001"/>
</testsuite>