<?xml version="1.0" encoding="UTF-8"?>
<testng-results ignored="0" total="2" passed="2" failed="0" skipped="0">
  <reporter-output>
  </reporter-output>
  <suite started-at="2024-01-13T13:04:59 IST" name="Suite" finished-at="2024-01-13T13:05:11 IST" duration-ms="12491">
    <groups>
    </groups>
    <test started-at="2024-01-13T13:04:59 IST" name="Test" finished-at="2024-01-13T13:05:11 IST" duration-ms="12491">
      <class name="SatishRaja.Project_ContinousIntegration.NewTest">
        <test-method signature="TestSample()[pri:0, instance:SatishRaja.Project_ContinousIntegration.NewTest@64cd705f]" started-at="2024-01-13T13:05:11 IST" name="TestSample" finished-at="2024-01-13T13:05:11 IST" duration-ms="1" status="PASS">
          <reporter-output>
          </reporter-output>
        </test-method> <!-- TestSample -->
      </class> <!-- SatishRaja.Project_ContinousIntegration.NewTest -->
      <class name="SatishRaja.Project_ContinousIntegration.DemoContinousIntegrationTest">
        <test-method signature="Demo1()[pri:0, instance:SatishRaja.Project_ContinousIntegration.DemoContinousIntegrationTest@34b7ac2f]" started-at="2024-01-13T13:04:59 IST" name="Demo1" finished-at="2024-01-13T13:05:11 IST" duration-ms="12463" status="PASS">
          <reporter-output>
          </reporter-output>
        </test-method> <!-- Demo1 -->
      </class> <!-- SatishRaja.Project_ContinousIntegration.DemoContinousIntegrationTest -->
    </test> <!-- Test -->
  </suite> <!-- Suite -->
</testng-results>
