<?xml version="1.0" encoding="UTF-8"?>
<testng-results ignored="0" total="1" passed="1" failed="0" skipped="0">
  <reporter-output>
  </reporter-output>
  <suite started-at="2024-01-11T11:56:06 IST" name="Surefire suite" finished-at="2024-01-11T11:56:18 IST" duration-ms="12368">
    <groups>
    </groups>
    <test started-at="2024-01-11T11:56:06 IST" name="Surefire test" finished-at="2024-01-11T11:56:18 IST" duration-ms="12368">
      <class name="SatishRaja.Project_ContinousIntegration.AppTest">
        <test-method signature="Demo1()[pri:0, instance:SatishRaja.Project_ContinousIntegration.AppTest@11dc3715]" started-at="2024-01-11T11:56:06 IST" name="Demo1" finished-at="2024-01-11T11:56:18 IST" duration-ms="12341" status="PASS">
          <reporter-output>
          </reporter-output>
        </test-method> <!-- Demo1 -->
      </class> <!-- SatishRaja.Project_ContinousIntegration.AppTest -->
    </test> <!-- Surefire test -->
  </suite> <!-- Surefire suite -->
</testng-results>
