<?xml version="1.0" encoding="UTF-8"?>
<testng-results ignored="0" total="1" passed="1" failed="0" skipped="0">
  <reporter-output>
  </reporter-output>
  <suite started-at="2024-01-11T15:08:11 IST" name="Default suite" finished-at="2024-01-11T15:08:11 IST" duration-ms="41">
    <groups>
    </groups>
    <test started-at="2024-01-11T15:08:11 IST" name="Default test" finished-at="2024-01-11T15:08:11 IST" duration-ms="41">
      <class name="SatishRaja.Project_ContinousIntegration.AddedGitHubTest">
        <test-method signature="TestSample2()[pri:0, instance:SatishRaja.Project_ContinousIntegration.AddedGitHubTest@3023df74]" started-at="2024-01-11T15:08:11 IST" name="TestSample2" finished-at="2024-01-11T15:08:11 IST" duration-ms="8" status="PASS">
          <reporter-output>
          </reporter-output>
        </test-method> <!-- TestSample2 -->
      </class> <!-- SatishRaja.Project_ContinousIntegration.AddedGitHubTest -->
    </test> <!-- Default test -->
  </suite> <!-- Default suite -->
</testng-results>
