<?xml version="1.0" encoding="UTF-8"?>
<testng-results ignored="0" total="1" passed="1" failed="0" skipped="0">
  <reporter-output>
  </reporter-output>
  <suite started-at="2024-01-11T11:55:40 IST" name="Suite" finished-at="2024-01-11T11:55:54 IST" duration-ms="14546">
    <groups>
    </groups>
    <test started-at="2024-01-11T11:55:40 IST" name="Test" finished-at="2024-01-11T11:55:54 IST" duration-ms="14546">
      <class name="SatishRaja.Project_ContinousIntegration.AppTest">
        <test-method signature="Demo1()[pri:0, instance:SatishRaja.Project_ContinousIntegration.AppTest@31304f14]" started-at="2024-01-11T11:55:40 IST" name="Demo1" finished-at="2024-01-11T11:55:54 IST" duration-ms="14517" status="PASS">
          <reporter-output>
          </reporter-output>
        </test-method> <!-- Demo1 -->
      </class> <!-- SatishRaja.Project_ContinousIntegration.AppTest -->
    </test> <!-- Test -->
  </suite> <!-- Suite -->
</testng-results>
